  pygateway.cpp
  main.cpp
C:\Users\lozho\Desktop\cpp\nnet\NeuralNetwork\main.cpp(111,22): warning C4551: function call missing argument list
C:\Users\lozho\Desktop\cpp\nnet\NeuralNetwork\main.cpp(316,55): warning C4267: 'argument': conversion from 'size_t' to 'int', possible loss of data
  NeuralNetwork.cpp
C:\Users\lozho\Desktop\cpp\nnet\NeuralNetwork\scr\NeuralNetwork.cpp(133,42): warning C4267: 'argument': conversion from 'size_t' to 'unsigned int', possible loss of data
C:\Users\lozho\Desktop\cpp\nnet\NeuralNetwork\scr\NeuralNetwork.cpp(198,72): warning C4551: function call missing argument list
C:\Users\lozho\Desktop\cpp\nnet\NeuralNetwork\scr\NeuralNetwork.cpp(251,13): warning C4267: 'initializing': conversion from 'size_t' to 'int', possible loss of data
C:\Users\lozho\Desktop\cpp\nnet\NeuralNetwork\scr\EMath.h(92,33): warning C4551: function call missing argument list
  (compiling source file 'scr/NeuralNetwork.cpp')
      C:\Users\lozho\Desktop\cpp\nnet\NeuralNetwork\scr\EMath.h(92,33):
      the template instantiation context (the oldest one first) is
          C:\Users\lozho\Desktop\cpp\nnet\NeuralNetwork\scr\NeuralNetwork.cpp(331,17):
          see reference to function template instantiation 'void operator +=<float>(std::vector<float,std::allocator<float>> &,const std::vector<float,std::allocator<float>> &)' being compiled
  
  Generating code
  0 of 577 functions ( 0.0%) were compiled, the rest were copied from previous compilation.
    0 functions were new in current compilation
    0 functions had inline decision re-evaluated but remain unchanged
  Finished generating code
  NeuralNetwork.vcxproj -> C:\Users\lozho\Desktop\cpp\nnet\NeuralNetwork\x64\Release\NeuralNetwork.exe
